2022-05-27 20:11:30,515 ERROR [DataBaseConnection] - No se encontr√≥ el archivo de configuraci√≥n para conectar con la base de datos.
2022-05-27 20:14:06,820 ERROR [DataBaseConnection] - No se encontr√≥ el archivo de configuraci√≥n para conectar con la base de datos.
2022-05-27 21:10:05,553 ERROR [DataBaseConnection] - No se encontr√≥ el archivo de configuraci√≥n para conectar con la base de datos.
2022-05-27 21:12:04,818 ERROR [DataBaseConnection] - No se encontr√≥ el archivo de configuraci√≥n para conectar con la base de datos.
2022-05-30 17:13:48,046 ERROR [DataBaseConnection] - No se encontr√≥ el archivo de configuraci√≥n para conectar con la base de datos.
2022-05-30 17:16:56,291 ERROR [DataBaseConnection] - No se encontr√≥ el archivo de configuraci√≥n para conectar con la base de datos.
2022-05-30 17:18:21,083 ERROR [DataBaseConnection] - No se encontr√≥ el archivo de configuraci√≥n para conectar con la base de datos.
2022-05-30 17:19:53,318 ERROR [DataBaseConnection] - class java.io.FileNotFoundException: No se encontr√≥ el archivo de configuraci√≥n para conectar con la base de datos.
2022-05-30 17:37:51,998 ERROR [DataBaseConnection] - class java.io.FileNotFoundException: No se encontr√≥ el archivo de configuraci√≥n para conectar con la base de datos.
2022-05-30 18:40:09,944 ERROR [DataBaseConnection] - class java.io.FileNotFoundException: No se encontr√≥ el archivo de configuraci√≥n para conectar con la base de datos.
2022-06-07 15:49:34,490 ERROR [DataBaseConnection] - class java.io.FileNotFoundException: No se encontr√≥ el archivo de configuraci√≥n para conectar con la base de datos.
2022-06-07 15:50:31,665 ERROR [DataBaseConnection] - class java.io.FileNotFoundException: No se encontr√≥ el archivo de configuraci√≥n para conectar con la base de datos.
2022-06-07 16:02:55,399 ERROR [DataBaseConnection] - class java.io.FileNotFoundException: No se encontr√≥ el archivo de configuraci√≥n para conectar con la base de datos.
2022-06-07 16:03:49,750 ERROR [DataBaseConnection] - class java.io.FileNotFoundException: No se encontr√≥ el archivo de configuraci√≥n para conectar con la base de datos.
2022-06-07 16:04:07,196 ERROR [DataBaseConnection] - class java.io.FileNotFoundException: No se encontr√≥ el archivo de configuraci√≥n para conectar con la base de datos.
2022-06-07 16:04:31,758 ERROR [DataBaseConnection] - class java.io.FileNotFoundException: No se encontr√≥ el archivo de configuraci√≥n para conectar con la base de datos.
2022-06-07 16:05:27,046 ERROR [DataBaseConnection] - class java.io.FileNotFoundException: No se encontr√≥ el archivo de configuraci√≥n para conectar con la base de datos.
2022-06-07 16:10:53,742 ERROR [DataBaseConnection] - class java.io.FileNotFoundException: No se encontr√≥ el archivo de configuraci√≥n para conectar con la base de datos.
2022-06-07 16:14:38,634 ERROR [DataBaseConnection] - class java.io.FileNotFoundException: No se encontr√≥ el archivo de configuraci√≥n para conectar con la base de datos.
2022-06-07 16:18:11,262 ERROR [DataBaseConnection] - class java.io.FileNotFoundException: No se encontr√≥ el archivo de configuraci√≥n para conectar con la base de datos.
2022-06-07 16:18:51,317 ERROR [DataBaseConnection] - class java.io.FileNotFoundException: No se encontr√≥ el archivo de configuraci√≥n para conectar con la base de datos.
2022-06-07 16:25:03,081 ERROR [DataBaseConnection] - class java.io.FileNotFoundException: No se encontr√≥ el archivo de configuraci√≥n para conectar con la base de datos.
2022-06-07 16:28:42,951 ERROR [DataBaseConnection] - class java.io.FileNotFoundException: No se encontr√≥ el archivo de configuraci√≥n para conectar con la base de datos.
2022-06-07 16:30:50,276 ERROR [DataBaseConnection] - class java.io.FileNotFoundException: No se encontr√≥ el archivo de configuraci√≥n para conectar con la base de datos.
2022-06-07 16:31:21,684 ERROR [DataBaseConnection] - class java.io.FileNotFoundException: No se encontr√≥ el archivo de configuraci√≥n para conectar con la base de datos.
2022-06-07 16:32:04,728 ERROR [DataBaseConnection] - class java.io.FileNotFoundException: No se encontr√≥ el archivo de configuraci√≥n para conectar con la base de datos.
2022-06-07 16:35:00,931 ERROR [DataBaseConnection] - class java.io.FileNotFoundException: No se encontr√≥ el archivo de configuraci√≥n para conectar con la base de datos.
2022-06-07 16:37:32,578 ERROR [DataBaseConnection] - class java.io.FileNotFoundException: No se encontr√≥ el archivo de configuraci√≥n para conectar con la base de datos.
2022-06-07 16:38:53,179 ERROR [DataBaseConnection] - class java.io.FileNotFoundException: No se encontr√≥ el archivo de configuraci√≥n para conectar con la base de datos.
2022-06-07 16:47:03,901 ERROR [DataBaseConnection] - class java.io.FileNotFoundException: No se encontr√≥ el archivo de configuraci√≥n para conectar con la base de datos.
2022-06-07 16:48:24,066 ERROR [DataBaseConnection] - class java.io.FileNotFoundException: No se encontr√≥ el archivo de configuraci√≥n para conectar con la base de datos.
2022-06-07 17:03:51,595 ERROR [DataBaseConnection] - class java.io.FileNotFoundException: No se encontr√≥ el archivo de configuraci√≥n para conectar con la base de datos.
2022-06-07 17:08:11,723 ERROR [DataBaseConnection] - class java.io.FileNotFoundException: No se encontr√≥ el archivo de configuraci√≥n para conectar con la base de datos.
2022-06-07 17:13:12,821 ERROR [DataBaseConnection] - class java.io.FileNotFoundException: No se encontr√≥ el archivo de configuraci√≥n para conectar con la base de datos.
2022-06-07 17:15:03,279 ERROR [DataBaseConnection] - class java.io.FileNotFoundException: No se encontr√≥ el archivo de configuraci√≥n para conectar con la base de datos.
2022-06-07 17:15:49,551 ERROR [DataBaseConnection] - class java.io.FileNotFoundException: No se encontr√≥ el archivo de configuraci√≥n para conectar con la base de datos.
2022-06-07 17:16:17,976 ERROR [DataBaseConnection] - class java.io.FileNotFoundException: No se encontr√≥ el archivo de configuraci√≥n para conectar con la base de datos.
2022-06-07 20:24:54,976 ERROR [DataBaseConnection] - class java.io.FileNotFoundException: No se encontr√≥ el archivo de configuraci√≥n para conectar con la base de datos.
2022-06-07 20:37:55,722 ERROR [DataBaseConnection] - class com.mysql.cj.jdbc.exceptions.CommunicationsException: Communications link failure

The last packet sent successfully to the server was 0 milliseconds ago. The driver has not received any packets from the server.
2022-06-07 20:39:52,215 ERROR [DataBaseConnection] - class com.mysql.cj.jdbc.exceptions.CommunicationsException: Communications link failure

The last packet sent successfully to the server was 0 milliseconds ago. The driver has not received any packets from the server.
2022-06-08 21:13:18,316 ERROR [DataBaseConnection] - class java.io.FileNotFoundException: No se encontrÛ el archivo de configuraciÛn para conectar con la base de datos.
2022-06-08 21:13:33,030 ERROR [DataBaseConnection] - class java.io.FileNotFoundException: No se encontrÛ el archivo de configuraciÛn para conectar con la base de datos.
2022-06-10 21:57:35,456 ERROR [DataBaseConnection] - class com.mysql.cj.jdbc.exceptions.CommunicationsException: Communications link failure

The last packet sent successfully to the server was 0 milliseconds ago. The driver has not received any packets from the server.
2022-06-10 21:57:45,315 ERROR [DataBaseConnection] - class com.mysql.cj.jdbc.exceptions.CommunicationsException: Communications link failure

The last packet sent successfully to the server was 0 milliseconds ago. The driver has not received any packets from the server.
2022-06-11 19:34:38,733 ERROR [DataBaseConnection] - class java.io.FileNotFoundException: DireccionBD = jdbc:mysql:\masterofsoftware.mysql.database.azure.com\tutoriasfei2
Usuario = usuarioFEI
Contrasenia =  profeNOnosREPRUEBE (The filename, directory name, or volume label syntax is incorrect)
2022-06-11 19:35:07,697 ERROR [DataBaseConnection] - class java.io.FileNotFoundException: DireccionBD = jdbc:mysql:\masterofsoftware.mysql.database.azure.com\tutoriasfei2
Usuario = usuarioFEI
Contrasenia =  profeNOnosREPRUEBE (The filename, directory name, or volume label syntax is incorrect)
2022-06-11 19:35:49,334 ERROR [DataBaseConnection] - class java.io.FileNotFoundException: DireccionBD = jdbc:mysql:\masterofsoftware.mysql.database.azure.com\tutoriasfei2
Usuario = usuarioFEI
Contrasenia =  profeNOnosREPRUEBE (The filename, directory name, or volume label syntax is incorrect)
2022-06-11 19:36:51,958 ERROR [DataBaseConnection] - class java.io.FileNotFoundException: DireccionBD = jdbc:mysql:\masterofsoftware.mysql.database.azure.com\tutoriasfei2
Usuario = usuarioFEI
Contrasenia =  profeNOnosREPRUEBE (The filename, directory name, or volume label syntax is incorrect)
2022-06-14 16:34:28,968 ERROR [DataBaseConnection] - class com.mysql.cj.jdbc.exceptions.CommunicationsException: Communications link failure

The last packet sent successfully to the server was 0 milliseconds ago. The driver has not received any packets from the server.
2022-06-14 16:34:41,527 ERROR [DataBaseConnection] - class com.mysql.cj.jdbc.exceptions.CommunicationsException: Communications link failure

The last packet sent successfully to the server was 0 milliseconds ago. The driver has not received any packets from the server.
2022-06-16 10:37:45,143 ERROR [DataBaseConnection] - class com.mysql.cj.jdbc.exceptions.CommunicationsException: Communications link failure

The last packet sent successfully to the server was 0 milliseconds ago. The driver has not received any packets from the server.
2022-06-16 10:37:51,161 ERROR [InicioDeSesionFXMLController] - class java.sql.SQLException: null
2022-06-16 10:53:04,265 ERROR [DataBaseConnection] - class java.io.FileNotFoundException: No se encontr√≥ el archivo de configuraci√≥n para conectar con la base de datos.
2022-06-16 16:18:55,861 ERROR [DataBaseConnection] - class com.mysql.cj.jdbc.exceptions.CommunicationsException: Communications link failure

The last packet sent successfully to the server was 0 milliseconds ago. The driver has not received any packets from the server.
2022-06-16 19:09:46,703 ERROR [DataBaseConnection] - class com.mysql.cj.jdbc.exceptions.CommunicationsException: Communications link failure

The last packet sent successfully to the server was 0 milliseconds ago. The driver has not received any packets from the server.
2022-06-16 19:10:04,365 ERROR [DataBaseConnection] - class com.mysql.cj.jdbc.exceptions.CommunicationsException: Communications link failure

The last packet sent successfully to the server was 0 milliseconds ago. The driver has not received any packets from the server.
2022-06-16 19:10:23,662 ERROR [DataBaseConnection] - class com.mysql.cj.jdbc.exceptions.CommunicationsException: Communications link failure

The last packet sent successfully to the server was 0 milliseconds ago. The driver has not received any packets from the server.
2022-06-16 19:10:35,616 ERROR [DataBaseConnection] - class com.mysql.cj.jdbc.exceptions.CommunicationsException: Communications link failure

The last packet sent successfully to the server was 0 milliseconds ago. The driver has not received any packets from the server.
2022-06-16 19:10:46,470 ERROR [DataBaseConnection] - class com.mysql.cj.jdbc.exceptions.CommunicationsException: Communications link failure

The last packet sent successfully to the server was 0 milliseconds ago. The driver has not received any packets from the server.
2022-06-16 19:11:08,793 ERROR [DataBaseConnection] - class com.mysql.cj.jdbc.exceptions.CommunicationsException: Communications link failure

The last packet sent successfully to the server was 0 milliseconds ago. The driver has not received any packets from the server.
2022-06-16 19:11:21,491 ERROR [DataBaseConnection] - class com.mysql.cj.jdbc.exceptions.CommunicationsException: Communications link failure

The last packet sent successfully to the server was 0 milliseconds ago. The driver has not received any packets from the server.
2022-06-16 19:11:33,649 ERROR [DataBaseConnection] - class com.mysql.cj.jdbc.exceptions.CommunicationsException: Communications link failure

The last packet sent successfully to the server was 0 milliseconds ago. The driver has not received any packets from the server.
2022-06-16 19:11:45,011 ERROR [DataBaseConnection] - class com.mysql.cj.jdbc.exceptions.CommunicationsException: Communications link failure

The last packet sent successfully to the server was 0 milliseconds ago. The driver has not received any packets from the server.
2022-06-16 19:12:00,839 ERROR [DataBaseConnection] - class com.mysql.cj.jdbc.exceptions.CommunicationsException: Communications link failure

The last packet sent successfully to the server was 0 milliseconds ago. The driver has not received any packets from the server.
2022-06-16 19:15:21,165 ERROR [DataBaseConnection] - class com.mysql.cj.jdbc.exceptions.CommunicationsException: Communications link failure

The last packet sent successfully to the server was 0 milliseconds ago. The driver has not received any packets from the server.
2022-06-16 19:15:55,853 ERROR [DataBaseConnection] - class com.mysql.cj.jdbc.exceptions.CommunicationsException: Communications link failure

The last packet sent successfully to the server was 0 milliseconds ago. The driver has not received any packets from the server.
2022-06-16 19:17:27,234 ERROR [DataBaseConnection] - class com.mysql.cj.jdbc.exceptions.CommunicationsException: Communications link failure

The last packet sent successfully to the server was 0 milliseconds ago. The driver has not received any packets from the server.
2022-06-16 19:17:49,372 ERROR [DataBaseConnection] - class com.mysql.cj.jdbc.exceptions.CommunicationsException: Communications link failure

The last packet sent successfully to the server was 0 milliseconds ago. The driver has not received any packets from the server.
2022-06-16 19:18:04,558 ERROR [DataBaseConnection] - class com.mysql.cj.jdbc.exceptions.CommunicationsException: Communications link failure

The last packet sent successfully to the server was 0 milliseconds ago. The driver has not received any packets from the server.
2022-06-16 19:19:20,428 ERROR [DataBaseConnection] - class com.mysql.cj.jdbc.exceptions.CommunicationsException: Communications link failure

The last packet sent successfully to the server was 0 milliseconds ago. The driver has not received any packets from the server.
2022-06-16 19:19:47,707 ERROR [DataBaseConnection] - class com.mysql.cj.jdbc.exceptions.CommunicationsException: Communications link failure

The last packet sent successfully to the server was 0 milliseconds ago. The driver has not received any packets from the server.
2022-06-16 19:19:54,025 ERROR [DataBaseConnection] - class com.mysql.cj.jdbc.exceptions.CommunicationsException: Communications link failure

The last packet sent successfully to the server was 0 milliseconds ago. The driver has not received any packets from the server.
2022-06-16 19:20:04,359 ERROR [DataBaseConnection] - class com.mysql.cj.jdbc.exceptions.CommunicationsException: Communications link failure

The last packet sent successfully to the server was 0 milliseconds ago. The driver has not received any packets from the server.
2022-06-16 19:20:12,770 ERROR [DataBaseConnection] - class com.mysql.cj.jdbc.exceptions.CommunicationsException: Communications link failure

The last packet sent successfully to the server was 0 milliseconds ago. The driver has not received any packets from the server.
2022-06-16 19:20:29,456 ERROR [DataBaseConnection] - class com.mysql.cj.jdbc.exceptions.CommunicationsException: Communications link failure

The last packet sent successfully to the server was 0 milliseconds ago. The driver has not received any packets from the server.
2022-06-16 19:20:37,219 ERROR [DataBaseConnection] - class com.mysql.cj.jdbc.exceptions.CommunicationsException: Communications link failure

The last packet sent successfully to the server was 0 milliseconds ago. The driver has not received any packets from the server.
